Build started 9/3/2014 5:40:39 PM.
     1>Project "c:\Users\Luke\documents\visual studio 2013\Projects\USACO 2013 Dec Bronze P3\USACO 2013 Dec Bronze P3\USACO 2013 Dec Bronze P3.vcxproj" on node 2 (Build target(s)).
     1>ClCompile:
         C:\Program Files (x86)\Microsoft Visual Studio 12.0\VC\bin\CL.exe /c /ZI /nologo /W3 /WX- /sdl /Od /Oy- /D WIN32 /D _DEBUG /D _CONSOLE /D _LIB /D _UNICODE /D UNICODE /Gm /EHsc /RTC1 /MDd /GS /fp:precise /Zc:wchar_t /Zc:forScope /Fo"Debug\\" /Fd"Debug\vc120.pdb" /Gd /TP /analyze- /errorReport:prompt wormhole.cpp
         wormhole.cpp
     1>c:\users\luke\documents\visual studio 2013\projects\usaco 2013 dec bronze p3\usaco 2013 dec bronze p3\wormhole.cpp(10): error C4716: 'pairings' : must return a value
     1>Done Building Project "c:\Users\Luke\documents\visual studio 2013\Projects\USACO 2013 Dec Bronze P3\USACO 2013 Dec Bronze P3\USACO 2013 Dec Bronze P3.vcxproj" (Build target(s)) -- FAILED.

Build FAILED.

Time Elapsed 00:00:02.20
