Build started 12/28/2015 5:17:33 PM.
     1>Project "C:\Users\Luke\documents\visual studio 2013\Projects\USACO Shopping Offers\USACO Shopping Offers\USACO Shopping Offers.vcxproj" on node 2 (Build target(s)).
     1>C:\Program Files (x86)\MSBuild\Microsoft\VisualStudio\v12.0\CodeAnalysis\Microsoft.CodeAnalysis.targets(214,5): error MSB4175: The task factory "CodeTaskFactory" could not be loaded from the assembly "C:\Program Files (x86)\MSBuild\12.0\bin\Microsoft.Build.Tasks.v12.0.dll". The process cannot access the file 'C:\Users\Luke\AppData\Local\Temp\woldxl4t.dll' because it is being used by another process.
     1>Done Building Project "C:\Users\Luke\documents\visual studio 2013\Projects\USACO Shopping Offers\USACO Shopping Offers\USACO Shopping Offers.vcxproj" (Build target(s)) -- FAILED.

Build FAILED.

Time Elapsed 00:00:00.80
